This file contains any messages produced by compilers while
running configure, to aid debugging if configure makes a mistake.

It was created by configure, which was
generated by GNU Autoconf 2.69.  Invocation command line was

  $ ./configure --silent --enable-test

## --------- ##
## Platform. ##
## --------- ##

hostname = MacBook-Air-de-Michael.local
uname -m = x86_64
uname -r = 12.4.0
uname -s = Darwin
uname -v = Darwin Kernel Version 12.4.0: Wed May  1 17:57:12 PDT 2013; root:xnu-2050.24.15~1/RELEASE_X86_64

/usr/bin/uname -p = i386
/bin/uname -X     = unknown

/bin/arch              = unknown
/usr/bin/arch -k       = unknown
/usr/convex/getsysinfo = unknown
/usr/bin/hostinfo      = Mach kernel version:
	 Darwin Kernel Version 12.4.0: Wed May  1 17:57:12 PDT 2013; root:xnu-2050.24.15~1/RELEASE_X86_64
Kernel configured for up to 4 processors.
2 processors are physically available.
4 processors are logically available.
Processor type: i486 (Intel 80486)
Processors active: 0 1 2 3
Primary memory available: 4.00 gigabytes
Default processor set: 122 tasks, 751 threads, 4 processors
Load average: 2.88, Mach factor: 1.74
/bin/machine           = unknown
/usr/bin/oslevel       = unknown
/bin/universe          = unknown

PATH: /usr/local/php5/bin
PATH: /usr/local/share/npm/bin
PATH: /usr/bin
PATH: /bin
PATH: /usr/sbin
PATH: /sbin
PATH: /usr/local/bin


## ----------- ##
## Core tests. ##
## ----------- ##

configure:2293: checking for grep that handles long lines and -e
configure:2351: result: /usr/bin/grep
configure:2356: checking for egrep
configure:2418: result: /usr/bin/grep -E
configure:2423: checking for a sed that does not truncate output
configure:2477: result: /usr/bin/sed
configure:2667: checking for C compiler version
configure:2676: gcc --version >&5
i686-apple-darwin11-llvm-gcc-4.2 (GCC) 4.2.1 (Based on Apple Inc. build 5658) (LLVM build 2336.11.00)
Copyright (C) 2007 Free Software Foundation, Inc.
This is free software; see the source for copying conditions.  There is NO
warranty; not even for MERCHANTABILITY or FITNESS FOR A PARTICULAR PURPOSE.

configure:2687: $? = 0
configure:2676: gcc -v >&5
Using built-in specs.
Target: i686-apple-darwin11
Configured with: /private/var/tmp/llvmgcc42/llvmgcc42-2336.11~148/src/configure --disable-checking --enable-werror --prefix=/Applications/Xcode.app/Contents/Developer/usr/llvm-gcc-4.2 --mandir=/share/man --enable-languages=c,objc,c++,obj-c++ --program-prefix=llvm- --program-transform-name=/^[cg][^.-]*$/s/$/-4.2/ --with-slibdir=/usr/lib --build=i686-apple-darwin11 --enable-llvm=/private/var/tmp/llvmgcc42/llvmgcc42-2336.11~148/dst-llvmCore/Developer/usr/local --program-prefix=i686-apple-darwin11- --host=x86_64-apple-darwin11 --target=i686-apple-darwin11 --with-gxx-include-dir=/usr/include/c++/4.2.1
Thread model: posix
gcc version 4.2.1 (Based on Apple Inc. build 5658) (LLVM build 2336.11.00)
configure:2687: $? = 0
configure:2676: gcc -V >&5
llvm-gcc-4.2: argument to `-V' is missing
configure:2687: $? = 1
configure:2676: gcc -qversion >&5
i686-apple-darwin11-llvm-gcc-4.2: no input files
configure:2687: $? = 1
configure:2707: checking whether the C compiler works
configure:2729: gcc -O0 -g   conftest.c  >&5
configure:2733: $? = 0
configure:2781: result: yes
configure:2784: checking for C compiler default output file name
configure:2786: result: a.out
configure:2792: checking for suffix of executables
configure:2799: gcc -o conftest -O0 -g   conftest.c  >&5
configure:2803: $? = 0
configure:2825: result: 
configure:2847: checking whether we are cross compiling
configure:2855: gcc -o conftest -O0 -g   conftest.c  >&5
configure:2859: $? = 0
configure:2866: ./conftest
configure:2870: $? = 0
configure:2885: result: no
configure:2890: checking for suffix of object files
configure:2912: gcc -c -O0 -g  conftest.c >&5
configure:2916: $? = 0
configure:2937: result: o
configure:2941: checking whether we are using the GNU C compiler
configure:2960: gcc -c -O0 -g  conftest.c >&5
configure:2960: $? = 0
configure:2969: result: yes
configure:2978: checking whether gcc accepts -g
configure:2998: gcc -c -g  conftest.c >&5
configure:2998: $? = 0
configure:3039: result: yes
configure:3056: checking for gcc option to accept ISO C89
configure:3119: gcc  -c -O0 -g  conftest.c >&5
configure:3119: $? = 0
configure:3132: result: none needed
configure:3158: checking how to run the C preprocessor
configure:3189: gcc -E  conftest.c
configure:3189: $? = 0
configure:3203: gcc -E  conftest.c
conftest.c:9:28: error: ac_nonexistent.h: No such file or directory
configure:3203: $? = 1
configure: failed program was:
| /* confdefs.h */
| #define PACKAGE_NAME ""
| #define PACKAGE_TARNAME ""
| #define PACKAGE_VERSION ""
| #define PACKAGE_STRING ""
| #define PACKAGE_BUGREPORT ""
| #define PACKAGE_URL ""
| /* end confdefs.h.  */
| #include <ac_nonexistent.h>
configure:3228: result: gcc -E
configure:3248: gcc -E  conftest.c
configure:3248: $? = 0
configure:3262: gcc -E  conftest.c
conftest.c:9:28: error: ac_nonexistent.h: No such file or directory
configure:3262: $? = 1
configure: failed program was:
| /* confdefs.h */
| #define PACKAGE_NAME ""
| #define PACKAGE_TARNAME ""
| #define PACKAGE_VERSION ""
| #define PACKAGE_STRING ""
| #define PACKAGE_BUGREPORT ""
| #define PACKAGE_URL ""
| /* end confdefs.h.  */
| #include <ac_nonexistent.h>
configure:3293: checking for icc
configure:3302: result: no
configure:3316: checking for suncc
configure:3325: result: no
configure:3340: checking whether gcc and cc understand -c and -o together
configure:3371: gcc -c conftest.c -o conftest2.o >&5
configure:3375: $? = 0
configure:3381: gcc -c conftest.c -o conftest2.o >&5
configure:3385: $? = 0
configure:3396: cc -c conftest.c >&5
configure:3400: $? = 0
configure:3408: cc -c conftest.c -o conftest2.o >&5
configure:3412: $? = 0
configure:3418: cc -c conftest.c -o conftest2.o >&5
configure:3422: $? = 0
configure:3440: result: yes
configure:3454: checking for system library directory
configure:3469: result: lib
configure:3476: checking if compiler supports -R
configure:3495: gcc -o conftest -O0 -g   conftest.c -R /usr/lib  >&5
ld: can't map file, errno=22 for architecture x86_64
collect2: ld returned 1 exit status
configure:3495: $? = 1
configure: failed program was:
| /* confdefs.h */
| #define PACKAGE_NAME ""
| #define PACKAGE_TARNAME ""
| #define PACKAGE_VERSION ""
| #define PACKAGE_STRING ""
| #define PACKAGE_BUGREPORT ""
| #define PACKAGE_URL ""
| /* end confdefs.h.  */
| 
| int
| main ()
| {
| 
|   ;
|   return 0;
| }
configure:3505: result: no
configure:3510: checking if compiler supports -Wl,-rpath,
configure:3529: gcc -o conftest -O0 -g   conftest.c -Wl,-rpath,/usr/lib  >&5
configure:3529: $? = 0
configure:3539: result: yes
configure:3584: checking build system type
configure:3598: result: i386-apple-darwin12.4.0
configure:3618: checking host system type
configure:3631: result: i386-apple-darwin12.4.0
configure:3651: checking target system type
configure:3664: result: i386-apple-darwin12.4.0
configure:3767: checking for PHP prefix
configure:3769: result: /usr/local/php5
configure:3771: checking for PHP includes
configure:3773: result: -I/usr/local/php5/include/php -I/usr/local/php5/include/php/main -I/usr/local/php5/include/php/TSRM -I/usr/local/php5/include/php/Zend -I/usr/local/php5/include/php/ext -I/usr/local/php5/include/php/ext/date/lib
configure:3775: checking for PHP extension directory
configure:3777: result: /usr/local/php5/lib/php/extensions/no-debug-non-zts-20100525
configure:3779: checking for PHP installed headers prefix
configure:3781: result: /usr/local/php5/include/php
configure:3784: checking if debug is enabled
configure:3810: result: no
configure:3813: checking if zts is enabled
configure:3839: result: no
configure:3910: checking for re2c
configure:3926: found /usr/local/bin/re2c
configure:3937: result: re2c
configure:3946: checking for re2c version
configure:3960: result: 0.13.6 (ok)
configure:3979: checking for gawk
configure:4010: result: no
configure:3979: checking for nawk
configure:4010: result: no
configure:3979: checking for awk
configure:3996: found /usr/bin/awk
configure:4007: result: awk
configure:4030: checking if awk is broken
configure:4037: result: no
configure:4050: checking whether to enable test
configure:4089: result: yes, shared
configure:4488: checking for ld used by gcc
configure:4555: result: /usr/llvm-gcc-4.2/libexec/gcc/i686-apple-darwin11/4.2.1/ld
configure:4562: checking if the linker (/usr/llvm-gcc-4.2/libexec/gcc/i686-apple-darwin11/4.2.1/ld) is GNU ld
configure:4577: result: no
configure:4582: checking for /usr/llvm-gcc-4.2/libexec/gcc/i686-apple-darwin11/4.2.1/ld option to reload object files
configure:4589: result: -r
configure:4607: checking for BSD-compatible nm
configure:4656: result: /usr/bin/nm
configure:4660: checking whether ln -s works
configure:4664: result: yes
configure:4671: checking how to recognize dependent libraries
configure:4857: result: pass_all
configure:5069: checking for ANSI C header files
configure:5089: gcc -c -O0 -g  conftest.c >&5
configure:5089: $? = 0
configure:5162: gcc -o conftest -O0 -g   conftest.c  >&5
configure:5162: $? = 0
configure:5162: ./conftest
configure:5162: $? = 0
configure:5173: result: yes
configure:5186: checking for sys/types.h
configure:5186: gcc -c -O0 -g  conftest.c >&5
configure:5186: $? = 0
configure:5186: result: yes
configure:5186: checking for sys/stat.h
configure:5186: gcc -c -O0 -g  conftest.c >&5
configure:5186: $? = 0
configure:5186: result: yes
configure:5186: checking for stdlib.h
configure:5186: gcc -c -O0 -g  conftest.c >&5
configure:5186: $? = 0
configure:5186: result: yes
configure:5186: checking for string.h
configure:5186: gcc -c -O0 -g  conftest.c >&5
configure:5186: $? = 0
configure:5186: result: yes
configure:5186: checking for memory.h
configure:5186: gcc -c -O0 -g  conftest.c >&5
configure:5186: $? = 0
configure:5186: result: yes
configure:5186: checking for strings.h
configure:5186: gcc -c -O0 -g  conftest.c >&5
configure:5186: $? = 0
configure:5186: result: yes
configure:5186: checking for inttypes.h
configure:5186: gcc -c -O0 -g  conftest.c >&5
configure:5186: $? = 0
configure:5186: result: yes
configure:5186: checking for stdint.h
configure:5186: gcc -c -O0 -g  conftest.c >&5
configure:5186: $? = 0
configure:5186: result: yes
configure:5186: checking for unistd.h
configure:5186: gcc -c -O0 -g  conftest.c >&5
configure:5186: $? = 0
configure:5186: result: yes
configure:5200: checking dlfcn.h usability
configure:5200: gcc -c -O0 -g  conftest.c >&5
configure:5200: $? = 0
configure:5200: result: yes
configure:5200: checking dlfcn.h presence
configure:5200: gcc -E  conftest.c
configure:5200: $? = 0
configure:5200: result: yes
configure:5200: checking for dlfcn.h
configure:5200: result: yes
configure:5222: checking the maximum length of command line arguments
configure:5334: result: 196608
configure:5346: checking command to parse /usr/bin/nm output from gcc object
configure:5451: gcc -c -O0 -g  conftest.c >&5
configure:5454: $? = 0
configure:5458: /usr/bin/nm conftest.o \| sed -n -e 's/^.*[ 	]\([BCDEGRST][BCDEGRST]*\)[ 	][ 	]*\([_A-Za-z][_A-Za-z0-9]*\)$/\1 \2 \2/p' \> conftest.nm
configure:5461: $? = 0
cannot find nm_test_var in conftest.nm
configure:5451: gcc -c -O0 -g  conftest.c >&5
configure:5454: $? = 0
configure:5458: /usr/bin/nm conftest.o \| sed -n -e 's/^.*[ 	]\([BCDEGRST][BCDEGRST]*\)[ 	][ 	]*_\([_A-Za-z][_A-Za-z0-9]*\)$/\1 _\2 \2/p' \> conftest.nm
configure:5461: $? = 0
configure:5513: gcc -o conftest -O0 -g   conftest.c conftstm.o >&5
configure:5516: $? = 0
configure:5554: result: ok
configure:5558: checking for objdir
configure:5573: result: .libs
configure:5665: checking for ar
configure:5681: found /usr/bin/ar
configure:5692: result: ar
configure:5757: checking for ranlib
configure:5773: found /usr/bin/ranlib
configure:5784: result: ranlib
configure:5849: checking for strip
configure:5865: found /usr/bin/strip
configure:5876: result: strip
configure:6129: checking for dsymutil
configure:6145: found /usr/bin/dsymutil
configure:6156: result: dsymutil
configure:6221: checking for nmedit
configure:6237: found /usr/bin/nmedit
configure:6248: result: nmedit
configure:6271: checking for -single_module linker flag
configure:6292: result: yes
configure:6294: checking for -exported_symbols_list linker flag
configure:6310: gcc -o conftest -O0 -g   -Wl,-exported_symbols_list,conftest.sym conftest.c  >&5
configure:6313: $? = 0
configure:6327: result: yes
configure:6445: checking if gcc supports -fno-rtti -fno-exceptions
configure:6463: gcc -c -O0 -g  -fno-rtti -fno-exceptions conftest.c >&5
cc1: warning: command line option "-fno-rtti" is valid for C++/ObjC++ but not for C
configure:6467: $? = 0
configure:6480: result: no
configure:6495: checking for gcc option to produce PIC
configure:6735: result: -fno-common
configure:6743: checking if gcc PIC flag -fno-common works
configure:6761: gcc -c -O0 -g  -fno-common -DPIC conftest.c >&5
configure:6765: $? = 0
configure:6778: result: yes
configure:6806: checking if gcc static flag -static works
configure:6834: result: no
configure:6844: checking if gcc supports -c -o file.o
configure:6865: gcc -c -O0 -g  -o out/conftest2.o conftest.c >&5
configure:6869: $? = 0
configure:6891: result: yes
configure:6917: checking whether the gcc linker (/usr/llvm-gcc-4.2/libexec/gcc/i686-apple-darwin11/4.2.1/ld) supports shared libraries
configure:7849: result: yes
configure:7916: checking dynamic linker characteristics
configure:8518: result: darwin12.4.0 dyld
configure:8542: checking how to hardcode library paths into programs
configure:8567: result: immediate
configure:8581: checking whether stripping libraries is possible
configure:8595: result: yes
configure:9103: checking if libtool supports shared libraries
configure:9105: result: yes
configure:9108: checking whether to build shared libraries
configure:9129: result: yes
configure:9132: checking whether to build static libraries
configure:9136: result: no
configure:9231: result:
creating libtool
configure:12934: creating ./config.status

## ---------------------- ##
## Running config.status. ##
## ---------------------- ##

This file was extended by config.status, which was
generated by GNU Autoconf 2.69.  Invocation command line was

  CONFIG_FILES    = 
  CONFIG_HEADERS  = 
  CONFIG_LINKS    = 
  CONFIG_COMMANDS = 
  $ ./config.status --quiet

on MacBook-Air-de-Michael.local

config.status:677: creating config.h

## ---------------- ##
## Cache variables. ##
## ---------------- ##

ac_cv_build=i386-apple-darwin12.4.0
ac_cv_c_compiler_gnu=yes
ac_cv_env_CC_set=set
ac_cv_env_CC_value=gcc
ac_cv_env_CFLAGS_set=set
ac_cv_env_CFLAGS_value='-O0 -g'
ac_cv_env_CPPFLAGS_set=
ac_cv_env_CPPFLAGS_value=
ac_cv_env_CPP_set=
ac_cv_env_CPP_value=
ac_cv_env_LDFLAGS_set=
ac_cv_env_LDFLAGS_value=
ac_cv_env_LIBS_set=
ac_cv_env_LIBS_value=
ac_cv_env_build_alias_set=
ac_cv_env_build_alias_value=
ac_cv_env_host_alias_set=
ac_cv_env_host_alias_value=
ac_cv_env_target_alias_set=
ac_cv_env_target_alias_value=
ac_cv_header_dlfcn_h=yes
ac_cv_header_inttypes_h=yes
ac_cv_header_memory_h=yes
ac_cv_header_stdc=yes
ac_cv_header_stdint_h=yes
ac_cv_header_stdlib_h=yes
ac_cv_header_string_h=yes
ac_cv_header_strings_h=yes
ac_cv_header_sys_stat_h=yes
ac_cv_header_sys_types_h=yes
ac_cv_header_unistd_h=yes
ac_cv_host=i386-apple-darwin12.4.0
ac_cv_objext=o
ac_cv_path_EGREP='/usr/bin/grep -E'
ac_cv_path_GREP=/usr/bin/grep
ac_cv_prog_AWK=awk
ac_cv_prog_CPP='gcc -E'
ac_cv_prog_RE2C=re2c
ac_cv_prog_ac_ct_AR=ar
ac_cv_prog_ac_ct_DSYMUTIL=dsymutil
ac_cv_prog_ac_ct_NMEDIT=nmedit
ac_cv_prog_ac_ct_RANLIB=ranlib
ac_cv_prog_ac_ct_STRIP=strip
ac_cv_prog_cc_c89=
ac_cv_prog_cc_g=yes
ac_cv_prog_cc_gcc_c_o=yes
ac_cv_target=i386-apple-darwin12.4.0
lt_cv_apple_cc_single_mod=yes
lt_cv_deplibs_check_method=pass_all
lt_cv_file_magic_cmd='$MAGIC_CMD'
lt_cv_file_magic_test_file=
lt_cv_ld_exported_symbols_list=yes
lt_cv_ld_reload_flag=-r
lt_cv_objdir=.libs
lt_cv_path_LD=/usr/llvm-gcc-4.2/libexec/gcc/i686-apple-darwin11/4.2.1/ld
lt_cv_path_NM=/usr/bin/nm
lt_cv_path_SED=/usr/bin/sed
lt_cv_prog_compiler_c_o=yes
lt_cv_prog_compiler_pic_works=yes
lt_cv_prog_compiler_rtti_exceptions=no
lt_cv_prog_compiler_static_works=no
lt_cv_prog_gnu_ld=no
lt_cv_sys_global_symbol_pipe='sed -n -e '\''s/^.*[ 	]\([BCDEGRST][BCDEGRST]*\)[ 	][ 	]*_\([_A-Za-z][_A-Za-z0-9]*\)$/\1 _\2 \2/p'\'''
lt_cv_sys_global_symbol_to_c_name_address='sed -n -e '\''s/^: \([^ ]*\) $/  {\"\1\", (lt_ptr) 0},/p'\'' -e '\''s/^[BCDEGRST] \([^ ]*\) \([^ ]*\)$/  {"\2", (lt_ptr) \&\2},/p'\'''
lt_cv_sys_global_symbol_to_cdecl='sed -n -e '\''s/^. .* \(.*\)$/extern int \1;/p'\'''
lt_cv_sys_lib_dlsearch_path_spec='/usr/local/lib /lib /usr/lib'
lt_cv_sys_lib_search_path_spec='/usr/llvm-gcc-4.2/lib/gcc/i686-apple-darwin11/4.2.1/x86_64 /Applications/Xcode.app/Contents/Developer/usr/llvm-gcc-4.2/lib/gcc/i686-apple-darwin11/4.2.1/x86_64 /usr/lib /usr/llvm-gcc-4.2/lib/gcc /usr/llvm-gcc-4.2/lib /Applications/Xcode.app/Contents/Developer/usr/llvm-gcc-4.2/lib /usr/local/lib'
lt_cv_sys_max_cmd_len=196608
lt_lt_cv_prog_compiler_c_o='"yes"'
lt_lt_cv_sys_global_symbol_pipe='"sed -n -e '\''s/^.*[ 	]\\([BCDEGRST][BCDEGRST]*\\)[ 	][ 	]*_\\([_A-Za-z][_A-Za-z0-9]*\\)\$/\\1 _\\2 \\2/p'\''"'
lt_lt_cv_sys_global_symbol_to_c_name_address='"sed -n -e '\''s/^: \\([^ ]*\\) \$/  {\\\"\\1\\\", (lt_ptr) 0},/p'\'' -e '\''s/^[BCDEGRST] \\([^ ]*\\) \\([^ ]*\\)\$/  {\"\\2\", (lt_ptr) \\&\\2},/p'\''"'
lt_lt_cv_sys_global_symbol_to_cdecl='"sed -n -e '\''s/^. .* \\(.*\\)\$/extern int \\1;/p'\''"'
php_cv_cc_dashr=no
php_cv_cc_rpath=yes
php_cv_re2c_version='0.13.6 (ok)'

## ----------------- ##
## Output variables. ##
## ----------------- ##

AR='ar'
AWK='awk'
CC='gcc'
CFLAGS='-O0 -g'
CONFIGURE_COMMAND=' '\''./configure'\''  '\''--enable-test'\'''
CONFIGURE_OPTIONS=' '\''--enable-test'\'''
CPP='gcc -E'
CPPFLAGS=' -DHAVE_CONFIG_H'
DEFS='-DHAVE_CONFIG_H'
DSYMUTIL='dsymutil'
ECHO='/bin/echo'
ECHO_C='\c'
ECHO_N=''
ECHO_T=''
EGREP='/usr/bin/grep -E'
EXEEXT=''
GREP='/usr/bin/grep'
LDFLAGS=''
LIBOBJS=''
LIBS=''
LIBTOOL='$(SHELL) $(top_builddir)/libtool'
LN_S='ln -s'
LTLIBOBJS=''
NMEDIT='nmedit'
OBJEXT='o'
PACKAGE_BUGREPORT=''
PACKAGE_NAME=''
PACKAGE_STRING=''
PACKAGE_TARNAME=''
PACKAGE_URL=''
PACKAGE_VERSION=''
PATH_SEPARATOR=':'
RANLIB='ranlib'
RE2C='re2c'
SED='/usr/bin/sed'
SHELL='/bin/sh'
SHLIB_DL_SUFFIX_NAME='so'
SHLIB_SUFFIX_NAME='dylib'
STRIP='strip'
ac_ct_CC=''
bindir='${exec_prefix}/bin'
build='i386-apple-darwin12.4.0'
build_alias=''
build_cpu='i386'
build_os='darwin12.4.0'
build_vendor='apple'
datadir='${datarootdir}'
datarootdir='${prefix}/share'
docdir='${datarootdir}/doc/${PACKAGE}'
dvidir='${docdir}'
exec_prefix='$(prefix)'
host='i386-apple-darwin12.4.0'
host_alias='i386-apple-darwin12.4.0'
host_cpu='i386'
host_os='darwin12.4.0'
host_vendor='apple'
htmldir='${docdir}'
includedir='${prefix}/include'
infodir='${datarootdir}/info'
libdir='${exec_prefix}/lib'
libexecdir='${exec_prefix}/libexec'
localedir='${datarootdir}/locale'
localstatedir='${prefix}/var'
mandir='${datarootdir}/man'
oldincludedir='/usr/include'
pdfdir='${docdir}'
prefix='/usr/local/php5'
program_transform_name='s,x,x,'
psdir='${docdir}'
sbindir='${exec_prefix}/sbin'
sharedstatedir='${prefix}/com'
sysconfdir='${prefix}/etc'
target='i386-apple-darwin12.4.0'
target_alias=''
target_cpu='i386'
target_os='darwin12.4.0'
target_vendor='apple'

## ----------- ##
## confdefs.h. ##
## ----------- ##

/* confdefs.h */
#define PACKAGE_NAME ""
#define PACKAGE_TARNAME ""
#define PACKAGE_VERSION ""
#define PACKAGE_STRING ""
#define PACKAGE_BUGREPORT ""
#define PACKAGE_URL ""
#define HAVE_TEST 1
#define COMPILE_DL_TEST 1
#define STDC_HEADERS 1
#define HAVE_SYS_TYPES_H 1
#define HAVE_SYS_STAT_H 1
#define HAVE_STDLIB_H 1
#define HAVE_STRING_H 1
#define HAVE_MEMORY_H 1
#define HAVE_STRINGS_H 1
#define HAVE_INTTYPES_H 1
#define HAVE_STDINT_H 1
#define HAVE_UNISTD_H 1
#define HAVE_DLFCN_H 1

configure: exit 0
